{
  "RSpec": {
    "coverage": {
      "/home/marcos/misapps/moviem/config/environment.rb": {
        "lines": [
          null,
          1,
          null,
          null,
          1
        ]
      },
      "/home/marcos/misapps/moviem/config/application.rb": {
        "lines": [
          1,
          null,
          1,
          null,
          1,
          1,
          1,
          1,
          1,
          1,
          1,
          1,
          1,
          1,
          null,
          1,
          null,
          null,
          null,
          1,
          null,
          1,
          1,
          null,
          1,
          null,
          null,
          null,
          null,
          null,
          null,
          null,
          null,
          null,
          1,
          null,
          null
        ]
      },
      "/home/marcos/misapps/moviem/config/boot.rb": {
        "lines": [
          1,
          null,
          1,
          1
        ]
      },
      "/home/marcos/misapps/moviem/config/environments/test.rb": {
        "lines": [
          null,
          null,
          null,
          null,
          null,
          1,
          null,
          null,
          1,
          null,
          null,
          null,
          null,
          1,
          null,
          null,
          1,
          1,
          null,
          null,
          null,
          null,
          1,
          1,
          1,
          null,
          null,
          1,
          null,
          null,
          1,
          null,
          null,
          1,
          null,
          1,
          null,
          null,
          null,
          null,
          1,
          null,
          null,
          1,
          null,
          null,
          null,
          null
        ]
      },
      "/home/marcos/misapps/moviem/config/initializers/application_controller_renderer.rb": {
        "lines": [
          null,
          null,
          null,
          null,
          null,
          null,
          null,
          null
        ]
      },
      "/home/marcos/misapps/moviem/config/initializers/backtrace_silencers.rb": {
        "lines": [
          null,
          null,
          null,
          null,
          null,
          null,
          null
        ]
      },
      "/home/marcos/misapps/moviem/config/initializers/cors.rb": {
        "lines": [
          null,
          null,
          null,
          null,
          null,
          null,
          null,
          null,
          null,
          null,
          null,
          null,
          null,
          null,
          null,
          null
        ]
      },
      "/home/marcos/misapps/moviem/config/initializers/filter_parameter_logging.rb": {
        "lines": [
          null,
          null,
          null,
          1
        ]
      },
      "/home/marcos/misapps/moviem/config/initializers/inflections.rb": {
        "lines": [
          null,
          null,
          null,
          null,
          null,
          null,
          null,
          null,
          null,
          null,
          null,
          null,
          null,
          null,
          null,
          null
        ]
      },
      "/home/marcos/misapps/moviem/config/initializers/mime_types.rb": {
        "lines": [
          null,
          null,
          null,
          null
        ]
      },
      "/home/marcos/misapps/moviem/config/initializers/wrap_parameters.rb": {
        "lines": [
          null,
          null,
          null,
          null,
          null,
          null,
          1,
          1,
          null,
          null,
          null,
          null,
          null,
          null
        ]
      },
      "/home/marcos/misapps/moviem/config/routes.rb": {
        "lines": [
          1,
          null,
          null
        ]
      },
      "/home/marcos/misapps/moviem/app/models/episode.rb": {
        "lines": [
          1,
          1,
          null
        ]
      },
      "/home/marcos/misapps/moviem/app/models/application_record.rb": {
        "lines": [
          1,
          1,
          null
        ]
      },
      "/home/marcos/misapps/moviem/spec/models/movie_spec.rb": {
        "lines": [
          1,
          null,
          1,
          1,
          null
        ]
      },
      "/home/marcos/misapps/moviem/app/models/movie.rb": {
        "lines": [
          1,
          1,
          null,
          null
        ]
      },
      "/home/marcos/misapps/moviem/spec/models/option_spec.rb": {
        "lines": [
          1,
          null,
          1,
          1,
          null
        ]
      },
      "/home/marcos/misapps/moviem/app/models/option.rb": {
        "lines": [
          1,
          1,
          null
        ]
      },
      "/home/marcos/misapps/moviem/spec/models/purchase_spec.rb": {
        "lines": [
          1,
          null,
          1,
          1,
          null
        ]
      },
      "/home/marcos/misapps/moviem/app/models/purchase.rb": {
        "lines": [
          1,
          1,
          1,
          1,
          1,
          1,
          null,
          1,
          0,
          null,
          null,
          null
        ]
      },
      "/home/marcos/misapps/moviem/app/models/user.rb": {
        "lines": [
          1,
          1,
          1,
          1,
          null,
          1,
          1,
          null,
          null
        ]
      },
      "/home/marcos/misapps/moviem/app/models/concerns/commons.rb": {
        "lines": [
          1,
          1,
          1,
          0,
          null,
          null
        ]
      },
      "/home/marcos/misapps/moviem/spec/models/season_spec.rb": {
        "lines": [
          1,
          null,
          1,
          1,
          null
        ]
      },
      "/home/marcos/misapps/moviem/app/models/season.rb": {
        "lines": [
          1,
          1,
          1,
          null,
          null
        ]
      },
      "/home/marcos/misapps/moviem/spec/models/user_spec.rb": {
        "lines": [
          1,
          null,
          1,
          1,
          null
        ]
      },
      "/home/marcos/misapps/moviem/spec/requests/episodes_request_spec.rb": {
        "lines": [
          1,
          null,
          1,
          null,
          null
        ]
      },
      "/home/marcos/misapps/moviem/spec/requests/movies_request_spec.rb": {
        "lines": [
          1,
          null,
          1,
          null,
          null
        ]
      },
      "/home/marcos/misapps/moviem/spec/requests/purchases_request_spec.rb": {
        "lines": [
          1,
          null,
          1,
          null,
          null
        ]
      },
      "/home/marcos/misapps/moviem/spec/requests/seasons_request_spec.rb": {
        "lines": [
          1,
          null,
          1,
          null,
          null
        ]
      },
      "/home/marcos/misapps/moviem/spec/requests/users_request_spec.rb": {
        "lines": [
          1,
          null,
          1,
          null,
          null
        ]
      }
    },
    "timestamp": 1581949981
  }
}
